<?xml version="1.0" encoding="UTF-8"?>
<testsuite xmlns:xsi="http://www.w3.org/2001/XMLSchema-instance" xsi:noNamespaceSchemaLocation="https://maven.apache.org/surefire/maven-surefire-plugin/xsd/surefire-test-report-3.0.xsd" version="3.0" name="com.wellness360.nutrition.NutritionApplicationTests" time="7.379" tests="1" errors="0" skipped="0" failures="0">
  <properties>
    <property name="java.specification.version" value="21"/>
    <property name="sun.jnu.encoding" value="UTF-8"/>
    <property name="java.class.path" value="/home/antonio/Codes/Wellness360/Backend/nutrition/target/test-classes:/home/antonio/Codes/Wellness360/Backend/nutrition/target/classes:/home/antonio/.m2/repository/org/springframework/boot/spring-boot-starter-data-jpa/3.3.3/spring-boot-starter-data-jpa-3.3.3.jar:/home/antonio/.m2/repository/org/springframework/boot/spring-boot-starter-aop/3.3.3/spring-boot-starter-aop-3.3.3.jar:/home/antonio/.m2/repository/org/aspectj/aspectjweaver/1.9.22.1/aspectjweaver-1.9.22.1.jar:/home/antonio/.m2/repository/org/springframework/boot/spring-boot-starter-jdbc/3.3.3/spring-boot-starter-jdbc-3.3.3.jar:/home/antonio/.m2/repository/com/zaxxer/HikariCP/5.1.0/HikariCP-5.1.0.jar:/home/antonio/.m2/repository/org/springframework/spring-jdbc/6.1.12/spring-jdbc-6.1.12.jar:/home/antonio/.m2/repository/org/hibernate/orm/hibernate-core/6.5.2.Final/hibernate-core-6.5.2.Final.jar:/home/antonio/.m2/repository/jakarta/persistence/jakarta.persistence-api/3.1.0/jakarta.persistence-api-3.1.0.jar:/home/antonio/.m2/repository/jakarta/transaction/jakarta.transaction-api/2.0.1/jakarta.transaction-api-2.0.1.jar:/home/antonio/.m2/repository/org/jboss/logging/jboss-logging/3.5.3.Final/jboss-logging-3.5.3.Final.jar:/home/antonio/.m2/repository/org/hibernate/common/hibernate-commons-annotations/6.0.6.Final/hibernate-commons-annotations-6.0.6.Final.jar:/home/antonio/.m2/repository/io/smallrye/jandex/3.1.2/jandex-3.1.2.jar:/home/antonio/.m2/repository/net/bytebuddy/byte-buddy/1.14.19/byte-buddy-1.14.19.jar:/home/antonio/.m2/repository/org/glassfish/jaxb/jaxb-runtime/4.0.5/jaxb-runtime-4.0.5.jar:/home/antonio/.m2/repository/org/glassfish/jaxb/jaxb-core/4.0.5/jaxb-core-4.0.5.jar:/home/antonio/.m2/repository/org/eclipse/angus/angus-activation/2.0.2/angus-activation-2.0.2.jar:/home/antonio/.m2/repository/org/glassfish/jaxb/txw2/4.0.5/txw2-4.0.5.jar:/home/antonio/.m2/repository/com/sun/istack/istack-commons-runtime/4.1.2/istack-commons-runtime-4.1.2.jar:/home/antonio/.m2/repository/jakarta/inject/jakarta.inject-api/2.0.1/jakarta.inject-api-2.0.1.jar:/home/antonio/.m2/repository/org/antlr/antlr4-runtime/4.13.0/antlr4-runtime-4.13.0.jar:/home/antonio/.m2/repository/org/springframework/data/spring-data-jpa/3.3.3/spring-data-jpa-3.3.3.jar:/home/antonio/.m2/repository/org/springframework/data/spring-data-commons/3.3.3/spring-data-commons-3.3.3.jar:/home/antonio/.m2/repository/org/springframework/spring-orm/6.1.12/spring-orm-6.1.12.jar:/home/antonio/.m2/repository/org/springframework/spring-context/6.1.12/spring-context-6.1.12.jar:/home/antonio/.m2/repository/org/springframework/spring-tx/6.1.12/spring-tx-6.1.12.jar:/home/antonio/.m2/repository/org/springframework/spring-beans/6.1.12/spring-beans-6.1.12.jar:/home/antonio/.m2/repository/jakarta/annotation/jakarta.annotation-api/2.1.1/jakarta.annotation-api-2.1.1.jar:/home/antonio/.m2/repository/org/springframework/spring-aspects/6.1.12/spring-aspects-6.1.12.jar:/home/antonio/.m2/repository/org/springframework/boot/spring-boot-starter-web/3.3.3/spring-boot-starter-web-3.3.3.jar:/home/antonio/.m2/repository/org/springframework/boot/spring-boot-starter/3.3.3/spring-boot-starter-3.3.3.jar:/home/antonio/.m2/repository/org/springframework/boot/spring-boot-starter-logging/3.3.3/spring-boot-starter-logging-3.3.3.jar:/home/antonio/.m2/repository/ch/qos/logback/logback-classic/1.5.7/logback-classic-1.5.7.jar:/home/antonio/.m2/repository/ch/qos/logback/logback-core/1.5.7/logback-core-1.5.7.jar:/home/antonio/.m2/repository/org/apache/logging/log4j/log4j-to-slf4j/2.23.1/log4j-to-slf4j-2.23.1.jar:/home/antonio/.m2/repository/org/apache/logging/log4j/log4j-api/2.23.1/log4j-api-2.23.1.jar:/home/antonio/.m2/repository/org/slf4j/jul-to-slf4j/2.0.16/jul-to-slf4j-2.0.16.jar:/home/antonio/.m2/repository/org/yaml/snakeyaml/2.2/snakeyaml-2.2.jar:/home/antonio/.m2/repository/org/springframework/boot/spring-boot-starter-json/3.3.3/spring-boot-starter-json-3.3.3.jar:/home/antonio/.m2/repository/com/fasterxml/jackson/datatype/jackson-datatype-jdk8/2.17.2/jackson-datatype-jdk8-2.17.2.jar:/home/antonio/.m2/repository/com/fasterxml/jackson/datatype/jackson-datatype-jsr310/2.17.2/jackson-datatype-jsr310-2.17.2.jar:/home/antonio/.m2/repository/com/fasterxml/jackson/module/jackson-module-parameter-names/2.17.2/jackson-module-parameter-names-2.17.2.jar:/home/antonio/.m2/repository/org/springframework/boot/spring-boot-starter-tomcat/3.3.3/spring-boot-starter-tomcat-3.3.3.jar:/home/antonio/.m2/repository/org/apache/tomcat/embed/tomcat-embed-core/10.1.28/tomcat-embed-core-10.1.28.jar:/home/antonio/.m2/repository/org/apache/tomcat/embed/tomcat-embed-websocket/10.1.28/tomcat-embed-websocket-10.1.28.jar:/home/antonio/.m2/repository/org/springframework/spring-web/6.1.12/spring-web-6.1.12.jar:/home/antonio/.m2/repository/io/micrometer/micrometer-observation/1.13.3/micrometer-observation-1.13.3.jar:/home/antonio/.m2/repository/io/micrometer/micrometer-commons/1.13.3/micrometer-commons-1.13.3.jar:/home/antonio/.m2/repository/org/springframework/spring-webmvc/6.1.12/spring-webmvc-6.1.12.jar:/home/antonio/.m2/repository/org/springframework/spring-expression/6.1.12/spring-expression-6.1.12.jar:/home/antonio/.m2/repository/org/springframework/boot/spring-boot-starter-validation/3.3.3/spring-boot-starter-validation-3.3.3.jar:/home/antonio/.m2/repository/org/apache/tomcat/embed/tomcat-embed-el/10.1.28/tomcat-embed-el-10.1.28.jar:/home/antonio/.m2/repository/org/hibernate/validator/hibernate-validator/8.0.1.Final/hibernate-validator-8.0.1.Final.jar:/home/antonio/.m2/repository/jakarta/validation/jakarta.validation-api/3.0.2/jakarta.validation-api-3.0.2.jar:/home/antonio/.m2/repository/org/springframework/boot/spring-boot-starter-test/3.3.3/spring-boot-starter-test-3.3.3.jar:/home/antonio/.m2/repository/org/springframework/boot/spring-boot-test/3.3.3/spring-boot-test-3.3.3.jar:/home/antonio/.m2/repository/org/springframework/boot/spring-boot-test-autoconfigure/3.3.3/spring-boot-test-autoconfigure-3.3.3.jar:/home/antonio/.m2/repository/com/jayway/jsonpath/json-path/2.9.0/json-path-2.9.0.jar:/home/antonio/.m2/repository/jakarta/xml/bind/jakarta.xml.bind-api/4.0.2/jakarta.xml.bind-api-4.0.2.jar:/home/antonio/.m2/repository/jakarta/activation/jakarta.activation-api/2.1.3/jakarta.activation-api-2.1.3.jar:/home/antonio/.m2/repository/net/minidev/json-smart/2.5.1/json-smart-2.5.1.jar:/home/antonio/.m2/repository/net/minidev/accessors-smart/2.5.1/accessors-smart-2.5.1.jar:/home/antonio/.m2/repository/org/ow2/asm/asm/9.6/asm-9.6.jar:/home/antonio/.m2/repository/org/assertj/assertj-core/3.25.3/assertj-core-3.25.3.jar:/home/antonio/.m2/repository/org/awaitility/awaitility/4.2.2/awaitility-4.2.2.jar:/home/antonio/.m2/repository/org/hamcrest/hamcrest/2.2/hamcrest-2.2.jar:/home/antonio/.m2/repository/org/junit/jupiter/junit-jupiter/5.10.3/junit-jupiter-5.10.3.jar:/home/antonio/.m2/repository/org/junit/jupiter/junit-jupiter-api/5.10.3/junit-jupiter-api-5.10.3.jar:/home/antonio/.m2/repository/org/opentest4j/opentest4j/1.3.0/opentest4j-1.3.0.jar:/home/antonio/.m2/repository/org/junit/platform/junit-platform-commons/1.10.3/junit-platform-commons-1.10.3.jar:/home/antonio/.m2/repository/org/apiguardian/apiguardian-api/1.1.2/apiguardian-api-1.1.2.jar:/home/antonio/.m2/repository/org/junit/jupiter/junit-jupiter-params/5.10.3/junit-jupiter-params-5.10.3.jar:/home/antonio/.m2/repository/org/junit/jupiter/junit-jupiter-engine/5.10.3/junit-jupiter-engine-5.10.3.jar:/home/antonio/.m2/repository/org/junit/platform/junit-platform-engine/1.10.3/junit-platform-engine-1.10.3.jar:/home/antonio/.m2/repository/org/mockito/mockito-core/5.11.0/mockito-core-5.11.0.jar:/home/antonio/.m2/repository/net/bytebuddy/byte-buddy-agent/1.14.19/byte-buddy-agent-1.14.19.jar:/home/antonio/.m2/repository/org/objenesis/objenesis/3.3/objenesis-3.3.jar:/home/antonio/.m2/repository/org/mockito/mockito-junit-jupiter/5.11.0/mockito-junit-jupiter-5.11.0.jar:/home/antonio/.m2/repository/org/skyscreamer/jsonassert/1.5.3/jsonassert-1.5.3.jar:/home/antonio/.m2/repository/com/vaadin/external/google/android-json/0.0.20131108.vaadin1/android-json-0.0.20131108.vaadin1.jar:/home/antonio/.m2/repository/org/springframework/spring-core/6.1.12/spring-core-6.1.12.jar:/home/antonio/.m2/repository/org/springframework/spring-jcl/6.1.12/spring-jcl-6.1.12.jar:/home/antonio/.m2/repository/org/springframework/spring-test/6.1.12/spring-test-6.1.12.jar:/home/antonio/.m2/repository/org/xmlunit/xmlunit-core/2.9.1/xmlunit-core-2.9.1.jar:/home/antonio/.m2/repository/org/flywaydb/flyway-core/10.10.0/flyway-core-10.10.0.jar:/home/antonio/.m2/repository/com/fasterxml/jackson/dataformat/jackson-dataformat-toml/2.17.2/jackson-dataformat-toml-2.17.2.jar:/home/antonio/.m2/repository/com/fasterxml/jackson/core/jackson-core/2.17.2/jackson-core-2.17.2.jar:/home/antonio/.m2/repository/com/google/code/gson/gson/2.10.1/gson-2.10.1.jar:/home/antonio/.m2/repository/org/flywaydb/flyway-mysql/10.10.0/flyway-mysql-10.10.0.jar:/home/antonio/.m2/repository/com/mysql/mysql-connector-j/8.3.0/mysql-connector-j-8.3.0.jar:/home/antonio/.m2/repository/org/apache/derby/derby/10.17.1.0/derby-10.17.1.0.jar:/home/antonio/.m2/repository/org/apache/derby/derbyshared/10.16.1.1/derbyshared-10.16.1.1.jar:/home/antonio/.m2/repository/io/springfox/springfox-swagger2/3.0.0/springfox-swagger2-3.0.0.jar:/home/antonio/.m2/repository/io/springfox/springfox-spi/3.0.0/springfox-spi-3.0.0.jar:/home/antonio/.m2/repository/io/springfox/springfox-core/3.0.0/springfox-core-3.0.0.jar:/home/antonio/.m2/repository/io/springfox/springfox-schema/3.0.0/springfox-schema-3.0.0.jar:/home/antonio/.m2/repository/io/springfox/springfox-swagger-common/3.0.0/springfox-swagger-common-3.0.0.jar:/home/antonio/.m2/repository/io/swagger/core/v3/swagger-annotations/2.1.2/swagger-annotations-2.1.2.jar:/home/antonio/.m2/repository/io/springfox/springfox-spring-web/3.0.0/springfox-spring-web-3.0.0.jar:/home/antonio/.m2/repository/io/github/classgraph/classgraph/4.8.83/classgraph-4.8.83.jar:/home/antonio/.m2/repository/io/springfox/springfox-spring-webmvc/3.0.0/springfox-spring-webmvc-3.0.0.jar:/home/antonio/.m2/repository/io/springfox/springfox-spring-webflux/3.0.0/springfox-spring-webflux-3.0.0.jar:/home/antonio/.m2/repository/com/fasterxml/classmate/1.7.0/classmate-1.7.0.jar:/home/antonio/.m2/repository/org/slf4j/slf4j-api/2.0.16/slf4j-api-2.0.16.jar:/home/antonio/.m2/repository/org/springframework/plugin/spring-plugin-core/2.0.0.RELEASE/spring-plugin-core-2.0.0.RELEASE.jar:/home/antonio/.m2/repository/org/springframework/plugin/spring-plugin-metadata/2.0.0.RELEASE/spring-plugin-metadata-2.0.0.RELEASE.jar:/home/antonio/.m2/repository/io/swagger/swagger-annotations/1.5.20/swagger-annotations-1.5.20.jar:/home/antonio/.m2/repository/io/swagger/swagger-models/1.5.20/swagger-models-1.5.20.jar:/home/antonio/.m2/repository/com/fasterxml/jackson/core/jackson-annotations/2.17.2/jackson-annotations-2.17.2.jar:/home/antonio/.m2/repository/org/springframework/restdocs/spring-restdocs-mockmvc/3.0.1/spring-restdocs-mockmvc-3.0.1.jar:/home/antonio/.m2/repository/org/springframework/restdocs/spring-restdocs-core/3.0.1/spring-restdocs-core-3.0.1.jar:/home/antonio/.m2/repository/jakarta/servlet/jakarta.servlet-api/6.0.0/jakarta.servlet-api-6.0.0.jar:/home/antonio/.m2/repository/org/springframework/boot/spring-boot-devtools/3.3.3/spring-boot-devtools-3.3.3.jar:/home/antonio/.m2/repository/org/springframework/boot/spring-boot/3.3.3/spring-boot-3.3.3.jar:/home/antonio/.m2/repository/org/springframework/boot/spring-boot-autoconfigure/3.3.3/spring-boot-autoconfigure-3.3.3.jar:/home/antonio/.m2/repository/org/springframework/boot/spring-boot-starter-security/3.3.3/spring-boot-starter-security-3.3.3.jar:/home/antonio/.m2/repository/org/springframework/spring-aop/6.1.12/spring-aop-6.1.12.jar:/home/antonio/.m2/repository/org/springframework/security/spring-security-config/6.3.1/spring-security-config-6.3.1.jar:/home/antonio/.m2/repository/org/springframework/security/spring-security-core/6.3.1/spring-security-core-6.3.1.jar:/home/antonio/.m2/repository/org/springframework/security/spring-security-crypto/6.3.1/spring-security-crypto-6.3.1.jar:/home/antonio/.m2/repository/org/springframework/security/spring-security-web/6.3.1/spring-security-web-6.3.1.jar:/home/antonio/.m2/repository/com/auth0/java-jwt/4.4.0/java-jwt-4.4.0.jar:/home/antonio/.m2/repository/com/fasterxml/jackson/core/jackson-databind/2.17.2/jackson-databind-2.17.2.jar:/home/antonio/.m2/repository/org/projectlombok/lombok/1.18.34/lombok-1.18.34.jar:/home/antonio/.m2/repository/org/mapstruct/mapstruct/1.6.0.Beta1/mapstruct-1.6.0.Beta1.jar:/home/antonio/.m2/repository/org/mapstruct/mapstruct-processor/1.5.5.Final/mapstruct-processor-1.5.5.Final.jar:"/>
    <property name="java.vm.vendor" value="Ubuntu"/>
    <property name="sun.arch.data.model" value="64"/>
    <property name="java.vendor.url" value="https://ubuntu.com/"/>
    <property name="user.timezone" value="America/Sao_Paulo"/>
    <property name="org.jboss.logging.provider" value="slf4j"/>
    <property name="os.name" value="Linux"/>
    <property name="java.vm.specification.version" value="21"/>
    <property name="sun.java.launcher" value="SUN_STANDARD"/>
    <property name="user.country" value="US"/>
    <property name="sun.boot.library.path" value="/usr/lib/jvm/java-21-openjdk-amd64/lib"/>
    <property name="sun.java.command" value="/home/antonio/Codes/Wellness360/Backend/nutrition/target/surefire/surefirebooter-20240918005625992_3.jar /home/antonio/Codes/Wellness360/Backend/nutrition/target/surefire 2024-09-18T00-56-25_834-jvmRun1 surefire-20240918005625992_1tmp surefire_0-20240918005625992_2tmp"/>
    <property name="jdk.debug" value="release"/>
    <property name="surefire.test.class.path" value="/home/antonio/Codes/Wellness360/Backend/nutrition/target/test-classes:/home/antonio/Codes/Wellness360/Backend/nutrition/target/classes:/home/antonio/.m2/repository/org/springframework/boot/spring-boot-starter-data-jpa/3.3.3/spring-boot-starter-data-jpa-3.3.3.jar:/home/antonio/.m2/repository/org/springframework/boot/spring-boot-starter-aop/3.3.3/spring-boot-starter-aop-3.3.3.jar:/home/antonio/.m2/repository/org/aspectj/aspectjweaver/1.9.22.1/aspectjweaver-1.9.22.1.jar:/home/antonio/.m2/repository/org/springframework/boot/spring-boot-starter-jdbc/3.3.3/spring-boot-starter-jdbc-3.3.3.jar:/home/antonio/.m2/repository/com/zaxxer/HikariCP/5.1.0/HikariCP-5.1.0.jar:/home/antonio/.m2/repository/org/springframework/spring-jdbc/6.1.12/spring-jdbc-6.1.12.jar:/home/antonio/.m2/repository/org/hibernate/orm/hibernate-core/6.5.2.Final/hibernate-core-6.5.2.Final.jar:/home/antonio/.m2/repository/jakarta/persistence/jakarta.persistence-api/3.1.0/jakarta.persistence-api-3.1.0.jar:/home/antonio/.m2/repository/jakarta/transaction/jakarta.transaction-api/2.0.1/jakarta.transaction-api-2.0.1.jar:/home/antonio/.m2/repository/org/jboss/logging/jboss-logging/3.5.3.Final/jboss-logging-3.5.3.Final.jar:/home/antonio/.m2/repository/org/hibernate/common/hibernate-commons-annotations/6.0.6.Final/hibernate-commons-annotations-6.0.6.Final.jar:/home/antonio/.m2/repository/io/smallrye/jandex/3.1.2/jandex-3.1.2.jar:/home/antonio/.m2/repository/net/bytebuddy/byte-buddy/1.14.19/byte-buddy-1.14.19.jar:/home/antonio/.m2/repository/org/glassfish/jaxb/jaxb-runtime/4.0.5/jaxb-runtime-4.0.5.jar:/home/antonio/.m2/repository/org/glassfish/jaxb/jaxb-core/4.0.5/jaxb-core-4.0.5.jar:/home/antonio/.m2/repository/org/eclipse/angus/angus-activation/2.0.2/angus-activation-2.0.2.jar:/home/antonio/.m2/repository/org/glassfish/jaxb/txw2/4.0.5/txw2-4.0.5.jar:/home/antonio/.m2/repository/com/sun/istack/istack-commons-runtime/4.1.2/istack-commons-runtime-4.1.2.jar:/home/antonio/.m2/repository/jakarta/inject/jakarta.inject-api/2.0.1/jakarta.inject-api-2.0.1.jar:/home/antonio/.m2/repository/org/antlr/antlr4-runtime/4.13.0/antlr4-runtime-4.13.0.jar:/home/antonio/.m2/repository/org/springframework/data/spring-data-jpa/3.3.3/spring-data-jpa-3.3.3.jar:/home/antonio/.m2/repository/org/springframework/data/spring-data-commons/3.3.3/spring-data-commons-3.3.3.jar:/home/antonio/.m2/repository/org/springframework/spring-orm/6.1.12/spring-orm-6.1.12.jar:/home/antonio/.m2/repository/org/springframework/spring-context/6.1.12/spring-context-6.1.12.jar:/home/antonio/.m2/repository/org/springframework/spring-tx/6.1.12/spring-tx-6.1.12.jar:/home/antonio/.m2/repository/org/springframework/spring-beans/6.1.12/spring-beans-6.1.12.jar:/home/antonio/.m2/repository/jakarta/annotation/jakarta.annotation-api/2.1.1/jakarta.annotation-api-2.1.1.jar:/home/antonio/.m2/repository/org/springframework/spring-aspects/6.1.12/spring-aspects-6.1.12.jar:/home/antonio/.m2/repository/org/springframework/boot/spring-boot-starter-web/3.3.3/spring-boot-starter-web-3.3.3.jar:/home/antonio/.m2/repository/org/springframework/boot/spring-boot-starter/3.3.3/spring-boot-starter-3.3.3.jar:/home/antonio/.m2/repository/org/springframework/boot/spring-boot-starter-logging/3.3.3/spring-boot-starter-logging-3.3.3.jar:/home/antonio/.m2/repository/ch/qos/logback/logback-classic/1.5.7/logback-classic-1.5.7.jar:/home/antonio/.m2/repository/ch/qos/logback/logback-core/1.5.7/logback-core-1.5.7.jar:/home/antonio/.m2/repository/org/apache/logging/log4j/log4j-to-slf4j/2.23.1/log4j-to-slf4j-2.23.1.jar:/home/antonio/.m2/repository/org/apache/logging/log4j/log4j-api/2.23.1/log4j-api-2.23.1.jar:/home/antonio/.m2/repository/org/slf4j/jul-to-slf4j/2.0.16/jul-to-slf4j-2.0.16.jar:/home/antonio/.m2/repository/org/yaml/snakeyaml/2.2/snakeyaml-2.2.jar:/home/antonio/.m2/repository/org/springframework/boot/spring-boot-starter-json/3.3.3/spring-boot-starter-json-3.3.3.jar:/home/antonio/.m2/repository/com/fasterxml/jackson/datatype/jackson-datatype-jdk8/2.17.2/jackson-datatype-jdk8-2.17.2.jar:/home/antonio/.m2/repository/com/fasterxml/jackson/datatype/jackson-datatype-jsr310/2.17.2/jackson-datatype-jsr310-2.17.2.jar:/home/antonio/.m2/repository/com/fasterxml/jackson/module/jackson-module-parameter-names/2.17.2/jackson-module-parameter-names-2.17.2.jar:/home/antonio/.m2/repository/org/springframework/boot/spring-boot-starter-tomcat/3.3.3/spring-boot-starter-tomcat-3.3.3.jar:/home/antonio/.m2/repository/org/apache/tomcat/embed/tomcat-embed-core/10.1.28/tomcat-embed-core-10.1.28.jar:/home/antonio/.m2/repository/org/apache/tomcat/embed/tomcat-embed-websocket/10.1.28/tomcat-embed-websocket-10.1.28.jar:/home/antonio/.m2/repository/org/springframework/spring-web/6.1.12/spring-web-6.1.12.jar:/home/antonio/.m2/repository/io/micrometer/micrometer-observation/1.13.3/micrometer-observation-1.13.3.jar:/home/antonio/.m2/repository/io/micrometer/micrometer-commons/1.13.3/micrometer-commons-1.13.3.jar:/home/antonio/.m2/repository/org/springframework/spring-webmvc/6.1.12/spring-webmvc-6.1.12.jar:/home/antonio/.m2/repository/org/springframework/spring-expression/6.1.12/spring-expression-6.1.12.jar:/home/antonio/.m2/repository/org/springframework/boot/spring-boot-starter-validation/3.3.3/spring-boot-starter-validation-3.3.3.jar:/home/antonio/.m2/repository/org/apache/tomcat/embed/tomcat-embed-el/10.1.28/tomcat-embed-el-10.1.28.jar:/home/antonio/.m2/repository/org/hibernate/validator/hibernate-validator/8.0.1.Final/hibernate-validator-8.0.1.Final.jar:/home/antonio/.m2/repository/jakarta/validation/jakarta.validation-api/3.0.2/jakarta.validation-api-3.0.2.jar:/home/antonio/.m2/repository/org/springframework/boot/spring-boot-starter-test/3.3.3/spring-boot-starter-test-3.3.3.jar:/home/antonio/.m2/repository/org/springframework/boot/spring-boot-test/3.3.3/spring-boot-test-3.3.3.jar:/home/antonio/.m2/repository/org/springframework/boot/spring-boot-test-autoconfigure/3.3.3/spring-boot-test-autoconfigure-3.3.3.jar:/home/antonio/.m2/repository/com/jayway/jsonpath/json-path/2.9.0/json-path-2.9.0.jar:/home/antonio/.m2/repository/jakarta/xml/bind/jakarta.xml.bind-api/4.0.2/jakarta.xml.bind-api-4.0.2.jar:/home/antonio/.m2/repository/jakarta/activation/jakarta.activation-api/2.1.3/jakarta.activation-api-2.1.3.jar:/home/antonio/.m2/repository/net/minidev/json-smart/2.5.1/json-smart-2.5.1.jar:/home/antonio/.m2/repository/net/minidev/accessors-smart/2.5.1/accessors-smart-2.5.1.jar:/home/antonio/.m2/repository/org/ow2/asm/asm/9.6/asm-9.6.jar:/home/antonio/.m2/repository/org/assertj/assertj-core/3.25.3/assertj-core-3.25.3.jar:/home/antonio/.m2/repository/org/awaitility/awaitility/4.2.2/awaitility-4.2.2.jar:/home/antonio/.m2/repository/org/hamcrest/hamcrest/2.2/hamcrest-2.2.jar:/home/antonio/.m2/repository/org/junit/jupiter/junit-jupiter/5.10.3/junit-jupiter-5.10.3.jar:/home/antonio/.m2/repository/org/junit/jupiter/junit-jupiter-api/5.10.3/junit-jupiter-api-5.10.3.jar:/home/antonio/.m2/repository/org/opentest4j/opentest4j/1.3.0/opentest4j-1.3.0.jar:/home/antonio/.m2/repository/org/junit/platform/junit-platform-commons/1.10.3/junit-platform-commons-1.10.3.jar:/home/antonio/.m2/repository/org/apiguardian/apiguardian-api/1.1.2/apiguardian-api-1.1.2.jar:/home/antonio/.m2/repository/org/junit/jupiter/junit-jupiter-params/5.10.3/junit-jupiter-params-5.10.3.jar:/home/antonio/.m2/repository/org/junit/jupiter/junit-jupiter-engine/5.10.3/junit-jupiter-engine-5.10.3.jar:/home/antonio/.m2/repository/org/junit/platform/junit-platform-engine/1.10.3/junit-platform-engine-1.10.3.jar:/home/antonio/.m2/repository/org/mockito/mockito-core/5.11.0/mockito-core-5.11.0.jar:/home/antonio/.m2/repository/net/bytebuddy/byte-buddy-agent/1.14.19/byte-buddy-agent-1.14.19.jar:/home/antonio/.m2/repository/org/objenesis/objenesis/3.3/objenesis-3.3.jar:/home/antonio/.m2/repository/org/mockito/mockito-junit-jupiter/5.11.0/mockito-junit-jupiter-5.11.0.jar:/home/antonio/.m2/repository/org/skyscreamer/jsonassert/1.5.3/jsonassert-1.5.3.jar:/home/antonio/.m2/repository/com/vaadin/external/google/android-json/0.0.20131108.vaadin1/android-json-0.0.20131108.vaadin1.jar:/home/antonio/.m2/repository/org/springframework/spring-core/6.1.12/spring-core-6.1.12.jar:/home/antonio/.m2/repository/org/springframework/spring-jcl/6.1.12/spring-jcl-6.1.12.jar:/home/antonio/.m2/repository/org/springframework/spring-test/6.1.12/spring-test-6.1.12.jar:/home/antonio/.m2/repository/org/xmlunit/xmlunit-core/2.9.1/xmlunit-core-2.9.1.jar:/home/antonio/.m2/repository/org/flywaydb/flyway-core/10.10.0/flyway-core-10.10.0.jar:/home/antonio/.m2/repository/com/fasterxml/jackson/dataformat/jackson-dataformat-toml/2.17.2/jackson-dataformat-toml-2.17.2.jar:/home/antonio/.m2/repository/com/fasterxml/jackson/core/jackson-core/2.17.2/jackson-core-2.17.2.jar:/home/antonio/.m2/repository/com/google/code/gson/gson/2.10.1/gson-2.10.1.jar:/home/antonio/.m2/repository/org/flywaydb/flyway-mysql/10.10.0/flyway-mysql-10.10.0.jar:/home/antonio/.m2/repository/com/mysql/mysql-connector-j/8.3.0/mysql-connector-j-8.3.0.jar:/home/antonio/.m2/repository/org/apache/derby/derby/10.17.1.0/derby-10.17.1.0.jar:/home/antonio/.m2/repository/org/apache/derby/derbyshared/10.16.1.1/derbyshared-10.16.1.1.jar:/home/antonio/.m2/repository/io/springfox/springfox-swagger2/3.0.0/springfox-swagger2-3.0.0.jar:/home/antonio/.m2/repository/io/springfox/springfox-spi/3.0.0/springfox-spi-3.0.0.jar:/home/antonio/.m2/repository/io/springfox/springfox-core/3.0.0/springfox-core-3.0.0.jar:/home/antonio/.m2/repository/io/springfox/springfox-schema/3.0.0/springfox-schema-3.0.0.jar:/home/antonio/.m2/repository/io/springfox/springfox-swagger-common/3.0.0/springfox-swagger-common-3.0.0.jar:/home/antonio/.m2/repository/io/swagger/core/v3/swagger-annotations/2.1.2/swagger-annotations-2.1.2.jar:/home/antonio/.m2/repository/io/springfox/springfox-spring-web/3.0.0/springfox-spring-web-3.0.0.jar:/home/antonio/.m2/repository/io/github/classgraph/classgraph/4.8.83/classgraph-4.8.83.jar:/home/antonio/.m2/repository/io/springfox/springfox-spring-webmvc/3.0.0/springfox-spring-webmvc-3.0.0.jar:/home/antonio/.m2/repository/io/springfox/springfox-spring-webflux/3.0.0/springfox-spring-webflux-3.0.0.jar:/home/antonio/.m2/repository/com/fasterxml/classmate/1.7.0/classmate-1.7.0.jar:/home/antonio/.m2/repository/org/slf4j/slf4j-api/2.0.16/slf4j-api-2.0.16.jar:/home/antonio/.m2/repository/org/springframework/plugin/spring-plugin-core/2.0.0.RELEASE/spring-plugin-core-2.0.0.RELEASE.jar:/home/antonio/.m2/repository/org/springframework/plugin/spring-plugin-metadata/2.0.0.RELEASE/spring-plugin-metadata-2.0.0.RELEASE.jar:/home/antonio/.m2/repository/io/swagger/swagger-annotations/1.5.20/swagger-annotations-1.5.20.jar:/home/antonio/.m2/repository/io/swagger/swagger-models/1.5.20/swagger-models-1.5.20.jar:/home/antonio/.m2/repository/com/fasterxml/jackson/core/jackson-annotations/2.17.2/jackson-annotations-2.17.2.jar:/home/antonio/.m2/repository/org/springframework/restdocs/spring-restdocs-mockmvc/3.0.1/spring-restdocs-mockmvc-3.0.1.jar:/home/antonio/.m2/repository/org/springframework/restdocs/spring-restdocs-core/3.0.1/spring-restdocs-core-3.0.1.jar:/home/antonio/.m2/repository/jakarta/servlet/jakarta.servlet-api/6.0.0/jakarta.servlet-api-6.0.0.jar:/home/antonio/.m2/repository/org/springframework/boot/spring-boot-devtools/3.3.3/spring-boot-devtools-3.3.3.jar:/home/antonio/.m2/repository/org/springframework/boot/spring-boot/3.3.3/spring-boot-3.3.3.jar:/home/antonio/.m2/repository/org/springframework/boot/spring-boot-autoconfigure/3.3.3/spring-boot-autoconfigure-3.3.3.jar:/home/antonio/.m2/repository/org/springframework/boot/spring-boot-starter-security/3.3.3/spring-boot-starter-security-3.3.3.jar:/home/antonio/.m2/repository/org/springframework/spring-aop/6.1.12/spring-aop-6.1.12.jar:/home/antonio/.m2/repository/org/springframework/security/spring-security-config/6.3.1/spring-security-config-6.3.1.jar:/home/antonio/.m2/repository/org/springframework/security/spring-security-core/6.3.1/spring-security-core-6.3.1.jar:/home/antonio/.m2/repository/org/springframework/security/spring-security-crypto/6.3.1/spring-security-crypto-6.3.1.jar:/home/antonio/.m2/repository/org/springframework/security/spring-security-web/6.3.1/spring-security-web-6.3.1.jar:/home/antonio/.m2/repository/com/auth0/java-jwt/4.4.0/java-jwt-4.4.0.jar:/home/antonio/.m2/repository/com/fasterxml/jackson/core/jackson-databind/2.17.2/jackson-databind-2.17.2.jar:/home/antonio/.m2/repository/org/projectlombok/lombok/1.18.34/lombok-1.18.34.jar:/home/antonio/.m2/repository/org/mapstruct/mapstruct/1.6.0.Beta1/mapstruct-1.6.0.Beta1.jar:/home/antonio/.m2/repository/org/mapstruct/mapstruct-processor/1.5.5.Final/mapstruct-processor-1.5.5.Final.jar:"/>
    <property name="sun.cpu.endian" value="little"/>
    <property name="user.home" value="/home/antonio"/>
    <property name="user.language" value="en"/>
    <property name="java.specification.vendor" value="Oracle Corporation"/>
    <property name="java.version.date" value="2024-07-16"/>
    <property name="java.home" value="/usr/lib/jvm/java-21-openjdk-amd64"/>
    <property name="file.separator" value="/"/>
    <property name="basedir" value="/home/antonio/Codes/Wellness360/Backend/nutrition"/>
    <property name="java.vm.compressedOopsMode" value="Zero based"/>
    <property name="line.separator" value="&#10;"/>
    <property name="java.vm.specification.vendor" value="Oracle Corporation"/>
    <property name="java.specification.name" value="Java Platform API Specification"/>
    <property name="FILE_LOG_CHARSET" value="UTF-8"/>
    <property name="java.awt.headless" value="true"/>
    <property name="surefire.real.class.path" value="/home/antonio/Codes/Wellness360/Backend/nutrition/target/surefire/surefirebooter-20240918005625992_3.jar"/>
    <property name="sun.management.compiler" value="HotSpot 64-Bit Tiered Compilers"/>
    <property name="java.runtime.version" value="21.0.4+7-Ubuntu-1ubuntu224.04"/>
    <property name="user.name" value="antonio"/>
    <property name="stdout.encoding" value="UTF-8"/>
    <property name="path.separator" value=":"/>
    <property name="os.version" value="6.8.0-41-generic"/>
    <property name="java.runtime.name" value="OpenJDK Runtime Environment"/>
    <property name="file.encoding" value="UTF-8"/>
    <property name="java.vm.name" value="OpenJDK 64-Bit Server VM"/>
    <property name="localRepository" value="/home/antonio/.m2/repository"/>
    <property name="java.vendor.url.bug" value="https://bugs.launchpad.net/ubuntu/+source/openjdk-21"/>
    <property name="java.io.tmpdir" value="/tmp"/>
    <property name="com.zaxxer.hikari.pool_number" value="1"/>
    <property name="java.version" value="21.0.4"/>
    <property name="user.dir" value="/home/antonio/Codes/Wellness360/Backend/nutrition"/>
    <property name="os.arch" value="amd64"/>
    <property name="java.vm.specification.name" value="Java Virtual Machine Specification"/>
    <property name="PID" value="27816"/>
    <property name="CONSOLE_LOG_CHARSET" value="UTF-8"/>
    <property name="native.encoding" value="UTF-8"/>
    <property name="java.library.path" value="/usr/java/packages/lib:/usr/lib/x86_64-linux-gnu/jni:/lib/x86_64-linux-gnu:/usr/lib/x86_64-linux-gnu:/usr/lib/jni:/lib:/usr/lib"/>
    <property name="java.vm.info" value="mixed mode, sharing"/>
    <property name="stderr.encoding" value="UTF-8"/>
    <property name="java.vendor" value="Ubuntu"/>
    <property name="java.vm.version" value="21.0.4+7-Ubuntu-1ubuntu224.04"/>
    <property name="sun.io.unicode.encoding" value="UnicodeLittle"/>
    <property name="java.class.version" value="65.0"/>
    <property name="LOGGED_APPLICATION_NAME" value="[nutrition] "/>
  </properties>
  <testcase name="contextLoads" classname="com.wellness360.nutrition.NutritionApplicationTests" time="0.423">
    <system-out><![CDATA[00:56:27.419 [main] INFO org.springframework.test.context.support.AnnotationConfigContextLoaderUtils -- Could not detect default configuration classes for test class [com.wellness360.nutrition.NutritionApplicationTests]: NutritionApplicationTests does not declare any static, non-private, non-final, nested classes annotated with @Configuration.
00:56:27.640 [main] INFO org.springframework.boot.test.context.SpringBootTestContextBootstrapper -- Found @SpringBootConfiguration com.wellness360.nutrition.NutritionApplication for test class com.wellness360.nutrition.NutritionApplicationTests
00:56:27.917 [main] INFO org.springframework.boot.devtools.restart.RestartApplicationListener -- Restart disabled due to context in which it is running

  .   ____          _            __ _ _
 /\\ / ___'_ __ _ _(_)_ __  __ _ \ \ \ \
( ( )\___ | '_ | '_| | '_ \/ _` | \ \ \ \
 \\/  ___)| |_)| | | | | || (_| |  ) ) ) )
  '  |____| .__|_| |_|_| |_\__, | / / / /
 =========|_|==============|___/=/_/_/_/

 :: Spring Boot ::                (v3.3.3)

2024-09-18T00:56:28.459-03:00  INFO 27816 --- [nutrition] [           main] c.w.nutrition.NutritionApplicationTests  : Starting NutritionApplicationTests using Java 21.0.4 with PID 27816 (started by antonio in /home/antonio/Codes/Wellness360/Backend/nutrition)
2024-09-18T00:56:28.462-03:00  INFO 27816 --- [nutrition] [           main] c.w.nutrition.NutritionApplicationTests  : No active profile set, falling back to 1 default profile: "default"
2024-09-18T00:56:29.718-03:00  INFO 27816 --- [nutrition] [           main] .s.d.r.c.RepositoryConfigurationDelegate : Bootstrapping Spring Data JPA repositories in DEFAULT mode.
2024-09-18T00:56:29.858-03:00  INFO 27816 --- [nutrition] [           main] .s.d.r.c.RepositoryConfigurationDelegate : Finished Spring Data repository scanning in 130 ms. Found 10 JPA repository interfaces.
2024-09-18T00:56:30.655-03:00  INFO 27816 --- [nutrition] [           main] com.zaxxer.hikari.HikariDataSource       : HikariPool-1 - Starting...
2024-09-18T00:56:31.053-03:00  INFO 27816 --- [nutrition] [           main] com.zaxxer.hikari.pool.HikariPool        : HikariPool-1 - Added connection com.mysql.cj.jdbc.ConnectionImpl@70091872
2024-09-18T00:56:31.055-03:00  INFO 27816 --- [nutrition] [           main] com.zaxxer.hikari.HikariDataSource       : HikariPool-1 - Start completed.
2024-09-18T00:56:31.110-03:00  INFO 27816 --- [nutrition] [           main] org.flywaydb.core.FlywayExecutor         : Database: jdbc:mysql://localhost:3306/nutrition (MySQL 8.0)
2024-09-18T00:56:31.164-03:00  INFO 27816 --- [nutrition] [           main] o.f.core.internal.command.DbValidate     : Successfully validated 1 migration (execution time 00:00.029s)
2024-09-18T00:56:31.184-03:00  INFO 27816 --- [nutrition] [           main] o.f.core.internal.command.DbMigrate      : Current version of schema `nutrition`: 1
2024-09-18T00:56:31.188-03:00  INFO 27816 --- [nutrition] [           main] o.f.core.internal.command.DbMigrate      : Schema `nutrition` is up to date. No migration necessary.
2024-09-18T00:56:31.286-03:00  INFO 27816 --- [nutrition] [           main] o.hibernate.jpa.internal.util.LogHelper  : HHH000204: Processing PersistenceUnitInfo [name: default]
2024-09-18T00:56:31.339-03:00  INFO 27816 --- [nutrition] [           main] org.hibernate.Version                    : HHH000412: Hibernate ORM core version 6.5.2.Final
2024-09-18T00:56:31.374-03:00  INFO 27816 --- [nutrition] [           main] o.h.c.internal.RegionFactoryInitiator    : HHH000026: Second-level cache disabled
2024-09-18T00:56:31.632-03:00  INFO 27816 --- [nutrition] [           main] o.s.o.j.p.SpringPersistenceUnitInfo      : No LoadTimeWeaver setup: ignoring JPA class transformer
2024-09-18T00:56:32.658-03:00  INFO 27816 --- [nutrition] [           main] o.h.e.t.j.p.i.JtaPlatformInitiator       : HHH000489: No JTA platform available (set 'hibernate.transaction.jta.platform' to enable JTA platform integration)
2024-09-18T00:56:32.866-03:00  INFO 27816 --- [nutrition] [           main] j.LocalContainerEntityManagerFactoryBean : Initialized JPA EntityManagerFactory for persistence unit 'default'
2024-09-18T00:56:33.217-03:00  INFO 27816 --- [nutrition] [           main] o.s.d.j.r.query.QueryEnhancerFactory     : Hibernate is in classpath; If applicable, HQL parser will be used.
2024-09-18T00:56:34.030-03:00  INFO 27816 --- [nutrition] [           main] c.w.nutrition.NutritionApplicationTests  : Started NutritionApplicationTests in 6.137 seconds (process running for 7.916)
]]></system-out>
    <system-err><![CDATA[WARNING: A Java agent has been loaded dynamically (/home/antonio/.m2/repository/net/bytebuddy/byte-buddy-agent/1.14.19/byte-buddy-agent-1.14.19.jar)
WARNING: If a serviceability tool is in use, please run with -XX:+EnableDynamicAgentLoading to hide this warning
WARNING: If a serviceability tool is not in use, please run with -Djdk.instrument.traceUsage for more information
WARNING: Dynamic loading of agents will be disallowed by default in a future release
]]></system-err>
  </testcase>
</testsuite>